<?xml version="1.0" encoding="UTF-8"?>
<testng-results ignored="0" total="3" passed="3" failed="0" skipped="0">
  <reporter-output>
  </reporter-output>
  <suite started-at="2022-11-02T18:51:21 IST" name="Default suite" finished-at="2022-11-02T18:51:21 IST" duration-ms="126">
    <groups>
    </groups>
    <test started-at="2022-11-02T18:51:21 IST" name="Default test" finished-at="2022-11-02T18:51:21 IST" duration-ms="126">
      <class name="com.shekhar.tests.DataProviderTest">
        <test-method signature="dpTest(java.lang.String)[pri:0, instance:com.shekhar.tests.DataProviderTest@3cebbb30]" started-at="2022-11-02T18:51:21 IST" name="dpTest" data-provider="getData" finished-at="2022-11-02T18:51:21 IST" duration-ms="10" status="PASS">
          <params>
            <param index="0">
              <value>
                <![CDATA[sas]]>
              </value>
            </param>
          </params>
          <reporter-output>
          </reporter-output>
        </test-method> <!-- dpTest -->
        <test-method signature="dpTest(java.lang.String)[pri:0, instance:com.shekhar.tests.DataProviderTest@3cebbb30]" started-at="2022-11-02T18:51:21 IST" name="dpTest" data-provider="getData" finished-at="2022-11-02T18:51:21 IST" duration-ms="5" status="PASS">
          <params>
            <param index="0">
              <value>
                <![CDATA[sassasas]]>
              </value>
            </param>
          </params>
          <reporter-output>
          </reporter-output>
        </test-method> <!-- dpTest -->
        <test-method signature="dpTest(java.lang.String)[pri:0, instance:com.shekhar.tests.DataProviderTest@3cebbb30]" started-at="2022-11-02T18:51:21 IST" name="dpTest" data-provider="getData" finished-at="2022-11-02T18:51:21 IST" duration-ms="4" status="PASS">
          <params>
            <param index="0">
              <value>
                <![CDATA[sasaS]]>
              </value>
            </param>
          </params>
          <reporter-output>
          </reporter-output>
        </test-method> <!-- dpTest -->
      </class> <!-- com.shekhar.tests.DataProviderTest -->
    </test> <!-- Default test -->
  </suite> <!-- Default suite -->
</testng-results>
