<?xml version="1.0" encoding="UTF-8"?>
<testng-results ignored="0" total="2" passed="2" failed="0" skipped="0">
  <reporter-output>
  </reporter-output>
  <suite started-at="2022-11-04T11:23:25 IST" name="Suite" finished-at="2022-11-04T11:23:30 IST" duration-ms="5496">
    <groups>
    </groups>
    <test started-at="2022-11-04T11:23:25 IST" name="Test" finished-at="2022-11-04T11:23:30 IST" duration-ms="5496">
      <class name="com.shekhar.tests.GetTests">
        <test-method signature="getBook()[pri:0, instance:com.shekhar.tests.GetTests@16610890]" started-at="2022-11-04T11:23:25 IST" name="getBook" finished-at="2022-11-04T11:23:29 IST" duration-ms="4517" status="PASS">
          <reporter-output>
          </reporter-output>
        </test-method> <!-- getBook -->
        <test-method signature="getBooks()[pri:0, instance:com.shekhar.tests.GetTests@16610890]" started-at="2022-11-04T11:23:25 IST" name="getBooks" finished-at="2022-11-04T11:23:30 IST" duration-ms="5346" status="PASS">
          <reporter-output>
          </reporter-output>
        </test-method> <!-- getBooks -->
      </class> <!-- com.shekhar.tests.GetTests -->
    </test> <!-- Test -->
  </suite> <!-- Suite -->
</testng-results>
