<?xml version="1.0" encoding="UTF-8"?>
<!-- Generated by org.testng.reporters.JUnitXMLReporter -->
<testsuite ignored="0" hostname="DESKTOP-K0PMQHV" failures="0" tests="4" name="Test" time="5.189" errors="0" timestamp="2022-11-02T18:41:51 IST">
  <testcase classname="com.shekhar.tests.GetTests" name="getBook" time="4.629"/>
  <testcase classname="com.shekhar.tests.POSTTests" name="postCallUsingExternalFileTest" time="4.634"/>
  <testcase classname="com.shekhar.tests.GetTests" name="getBooks" time="4.837"/>
  <testcase classname="com.shekhar.tests.POSTTests" name="postCallTest" time="5.051"/>
</testsuite> <!-- Test -->
