<?xml version="1.0" encoding="UTF-8"?>
<!-- Generated by org.testng.reporters.JUnitXMLReporter -->
<testsuite ignored="0" hostname="DESKTOP-K0PMQHV" failures="0" tests="3" name="Default test" time="0.126" errors="0" timestamp="2022-11-02T18:51:21 IST">
  <testcase classname="com.shekhar.tests.DataProviderTest" name="dpTest" time="0.01"/>
  <testcase classname="com.shekhar.tests.DataProviderTest" name="dpTest" time="0.005"/>
  <testcase classname="com.shekhar.tests.DataProviderTest" name="dpTest" time="0.004"/>
</testsuite> <!-- Default test -->
